<?xml version="1.0" encoding="UTF-8"?>
<robot generator="Robot 4.1.3 (Python 3.10.2 on darwin)" generated="20220418 21:19:12.664" rpa="false" schemaversion="2">
<suite id="s1" name="TestingPractice" source="/Users/jcandres/PycharmProjects/RobotFrameworkProject/Automation/TestingPractice.robot">
<kw name="Opening browser" library="Resources" type="SETUP">
<kw name="Open Browser" library="SeleniumLibrary">
<arg>${blogspot}</arg>
<arg>${browser}</arg>
<doc>Opens a new browser instance to the given ``url``.</doc>
<msg timestamp="20220418 21:19:13.521" level="INFO">Opening browser 'chrome' to base url 'https://testautomationpractice.blogspot.com/'.</msg>
<status status="PASS" starttime="20220418 21:19:13.521" endtime="20220418 21:19:22.178"/>
</kw>
<kw name="Maximize Browser Window" library="SeleniumLibrary">
<doc>Maximizes current browser window.</doc>
<status status="PASS" starttime="20220418 21:19:22.179" endtime="20220418 21:19:22.384"/>
</kw>
<status status="PASS" starttime="20220418 21:19:13.520" endtime="20220418 21:19:22.385"/>
</kw>
<test id="s1-t1" name="Alerts">
<kw name="Set Selenium Speed" library="SeleniumLibrary">
<arg>2 seconds</arg>
<doc>Sets the delay that is waited after each Selenium command.</doc>
<status status="PASS" starttime="20220418 21:19:22.388" endtime="20220418 21:19:22.389"/>
</kw>
<kw name="Click Button" library="SeleniumLibrary">
<arg>xpath://div[@class="widget-content"]/button[text()="Click Me"]</arg>
<doc>Clicks button identified by ``locator``.</doc>
<msg timestamp="20220418 21:19:22.389" level="INFO">Clicking button 'xpath://div[@class="widget-content"]/button[text()="Click Me"]'.</msg>
<status status="PASS" starttime="20220418 21:19:22.389" endtime="20220418 21:19:32.518"/>
</kw>
<kw name="Handle Alert" library="SeleniumLibrary">
<arg>accept</arg>
<doc>Handles the current alert and returns its message.</doc>
<status status="PASS" starttime="20220418 21:19:32.518" endtime="20220418 21:19:38.540"/>
</kw>
<kw name="Click Button" library="SeleniumLibrary">
<arg>xpath://div[@class="widget-content"]/button[text()="Click Me"]</arg>
<doc>Clicks button identified by ``locator``.</doc>
<msg timestamp="20220418 21:19:38.541" level="INFO">Clicking button 'xpath://div[@class="widget-content"]/button[text()="Click Me"]'.</msg>
<status status="PASS" starttime="20220418 21:19:38.540" endtime="20220418 21:19:48.631"/>
</kw>
<kw name="Handle Alert" library="SeleniumLibrary">
<arg>dismiss</arg>
<doc>Handles the current alert and returns its message.</doc>
<status status="PASS" starttime="20220418 21:19:48.632" endtime="20220418 21:19:54.648"/>
</kw>
<kw name="Click Button" library="SeleniumLibrary">
<arg>xpath://div[@class="widget-content"]/button[text()="Click Me"]</arg>
<doc>Clicks button identified by ``locator``.</doc>
<msg timestamp="20220418 21:19:54.649" level="INFO">Clicking button 'xpath://div[@class="widget-content"]/button[text()="Click Me"]'.</msg>
<status status="PASS" starttime="20220418 21:19:54.649" endtime="20220418 21:20:04.752"/>
</kw>
<kw name="Alert Should Be Present" library="SeleniumLibrary">
<arg>Press a button!</arg>
<doc>Verifies that an alert is present and, by default, accepts it.</doc>
<status status="PASS" starttime="20220418 21:20:04.752" endtime="20220418 21:20:10.771"/>
</kw>
<status status="PASS" starttime="20220418 21:19:22.386" endtime="20220418 21:20:10.772"/>
</test>
<test id="s1-t2" name="Browser Commands">
<kw name="Go To" library="SeleniumLibrary">
<arg>${anotherURL}</arg>
<doc>Navigates the active browser instance to the provided ``url``.</doc>
<msg timestamp="20220418 21:20:10.776" level="INFO">Opening url 'https://google.com'</msg>
<status status="PASS" starttime="20220418 21:20:10.775" endtime="20220418 21:20:14.056"/>
</kw>
<kw name="Go Back" library="SeleniumLibrary">
<doc>Simulates the user clicking the back button on their browser.</doc>
<status status="PASS" starttime="20220418 21:20:14.056" endtime="20220418 21:20:19.650"/>
</kw>
<status status="PASS" starttime="20220418 21:20:10.773" endtime="20220418 21:20:19.651"/>
</test>
<test id="s1-t3" name="Drag And Drop">
<kw name="Drag And Drop" library="SeleniumLibrary">
<arg>xpath://*[@id="gallery"]/li[2]/img</arg>
<arg>xpath://*[@id="trash"]</arg>
<doc>Drags element identified by ``locator`` into ``target`` element.</doc>
<status status="PASS" starttime="20220418 21:20:19.652" endtime="20220418 21:20:26.275"/>
</kw>
<kw name="Drag And Drop" library="SeleniumLibrary">
<arg>xpath://*[@id="gallery"]/li[1]/img</arg>
<arg>xpath://*[@id="trash"]</arg>
<doc>Drags element identified by ``locator`` into ``target`` element.</doc>
<status status="PASS" starttime="20220418 21:20:26.276" endtime="20220418 21:20:32.905"/>
</kw>
<kw name="Drag And Drop" library="SeleniumLibrary">
<arg>xpath://*[@id="draggable"]/p</arg>
<arg>xpath://*[@id="droppable"]</arg>
<doc>Drags element identified by ``locator`` into ``target`` element.</doc>
<status status="PASS" starttime="20220418 21:20:32.906" endtime="20220418 21:20:39.504"/>
</kw>
<status status="PASS" starttime="20220418 21:20:19.651" endtime="20220418 21:20:39.505"/>
</test>
<kw name="Closing browser" library="Resources" type="TEARDOWN">
<kw name="Close All Browsers" library="SeleniumLibrary">
<doc>Closes all open browsers and resets the browser cache.</doc>
<status status="PASS" starttime="20220418 21:20:39.510" endtime="20220418 21:20:41.607"/>
</kw>
<status status="PASS" starttime="20220418 21:20:39.508" endtime="20220418 21:20:41.607"/>
</kw>
<status status="PASS" starttime="20220418 21:19:12.669" endtime="20220418 21:20:41.607"/>
</suite>
<statistics>
<total>
<stat pass="3" fail="0" skip="0">All Tests</stat>
</total>
<tag>
</tag>
<suite>
<stat pass="3" fail="0" skip="0" id="s1" name="TestingPractice">TestingPractice</stat>
</suite>
</statistics>
<errors>
</errors>
</robot>
